nohup: ignoring input
gen_original_tables_orig.py:129: SettingWithCopyWarning: 
A value is trying to be set on a copy of a slice from a DataFrame.
Try using .loc[row_indexer,col_indexer] = value instead

See the caveats in the documentation: https://pandas.pydata.org/pandas-docs/stable/user_guide/indexing.html#returning-a-view-versus-a-copy
  gtex_data_tissue['transcript_id'] = gtex_data_tissue['transcript_id'].str.split('.',expand=True)[0]
Read in File
querying 1-1000...done.
querying 1001-2000...done.
querying 2001-3000...done.
querying 3001-4000...done.
querying 4001-5000...done.
querying 5001-6000...done.
querying 6001-7000...done.
querying 7001-8000...done.
querying 8001-9000...done.
querying 9001-10000...done.
querying 10001-11000...done.
querying 11001-12000...done.
querying 12001-13000...done.
querying 13001-14000...done.
querying 14001-15000...done.
querying 15001-16000...done.
querying 16001-17000...done.
querying 17001-18000...done.
querying 18001-19000...done.
querying 19001-20000...done.
querying 20001-21000...done.
querying 21001-22000...done.
querying 22001-23000...done.
querying 23001-24000...done.
querying 24001-25000...done.
querying 25001-26000...done.
querying 26001-27000...done.
querying 27001-28000...done.
querying 28001-29000...done.
querying 29001-30000...done.
querying 30001-31000...done.
querying 31001-32000...done.
querying 32001-33000...done.
querying 33001-34000...done.
querying 34001-35000...done.
querying 35001-36000...done.
querying 36001-37000...done.
querying 37001-38000...done.
querying 38001-39000...done.
querying 39001-40000...done.
querying 40001-41000...done.
querying 41001-42000...done.
querying 42001-43000...done.
querying 43001-44000...done.
querying 44001-45000...done.
querying 45001-46000...done.
querying 46001-47000...done.
querying 47001-48000...done.
querying 48001-49000...done.
querying 49001-50000...done.
querying 50001-51000...done.
querying 51001-52000...done.
querying 52001-53000...done.
querying 53001-54000...done.
querying 54001-55000...done.
querying 55001-56000...done.
querying 56001-57000...done.
querying 57001-58000...done.
querying 58001-59000...done.
querying 59001-60000...done.
querying 60001-61000...done.
querying 61001-62000...done.
querying 62001-63000...done.
querying 63001-64000...done.
querying 64001-65000...done.
querying 65001-66000...done.
querying 66001-67000...done.
querying 67001-68000...done.
querying 68001-69000...done.
querying 69001-70000...done.
querying 70001-71000...done.
querying 71001-72000...done.
querying 72001-73000...done.
querying 73001-74000...done.
querying 74001-75000...done.
querying 75001-76000...done.
querying 76001-77000...done.
querying 77001-78000...done.
querying 78001-79000...done.
querying 79001-80000...done.
querying 80001-81000...done.
querying 81001-82000...done.
querying 82001-83000...done.
querying 83001-84000...done.
querying 84001-85000...done.
querying 85001-86000...done.
querying 86001-87000...done.
querying 87001-88000...done.
querying 88001-89000...done.
querying 89001-90000...done.
querying 90001-91000...done.
querying 91001-92000...done.
querying 92001-93000...done.
querying 93001-94000...done.
querying 94001-95000...done.
querying 95001-96000...done.
querying 96001-97000...done.
querying 97001-98000...done.
querying 98001-99000...done.
querying 99001-100000...done.
querying 100001-101000...done.
querying 101001-102000...done.
querying 102001-103000...done.
querying 103001-104000...done.
querying 104001-105000...done.
querying 105001-106000...done.
querying 106001-107000...done.
querying 107001-108000...done.
querying 108001-109000...done.
querying 109001-110000...done.
querying 110001-111000...done.
querying 111001-112000...done.
querying 112001-112442...done.
Finished.
6227 input query terms found no hit:
	['NP_001001676.1', 'NP_001001938.1', 'NP_001002252.2', 'NP_001004055.1', 'NP_001004195.2', 'NP_00100
Pass "returnall=True" to return complete lists of duplicate or missing query terms.
Adipose - Subcutaneous
Generated Codon Table
Generated Bicodon Table
Generated Codon Table
Generated Bicodon Table
Muscle - Skeletal
Generated Codon Table
Generated Bicodon Table
Generated Codon Table
Generated Bicodon Table
Artery - Tibial
Generated Codon Table
Generated Bicodon Table
Generated Codon Table
Generated Bicodon Table
Artery - Coronary
Generated Codon Table
Generated Bicodon Table
Generated Codon Table
Generated Bicodon Table
Heart - Atrial Appendage
Generated Codon Table
Generated Bicodon Table
Generated Codon Table
Generated Bicodon Table
Adipose - Visceral (Omentum)
Generated Codon Table
Generated Bicodon Table
Generated Codon Table
Generated Bicodon Table
Ovary
Generated Codon Table
Generated Bicodon Table
Generated Codon Table
Generated Bicodon Table
Uterus
Generated Codon Table
Generated Bicodon Table
Generated Codon Table
Generated Bicodon Table
Vagina
Generated Codon Table
Generated Bicodon Table
Generated Codon Table
Generated Bicodon Table
Breast - Mammary Tissue
Generated Codon Table
Generated Bicodon Table
Generated Codon Table
Generated Bicodon Table
Skin - Not Sun Exposed (Suprapubic)
Generated Codon Table
Generated Bicodon Table
Generated Codon Table
Generated Bicodon Table
Minor Salivary Gland
Generated Codon Table
Generated Bicodon Table
Generated Codon Table
Generated Bicodon Table
Brain - Cortex
Generated Codon Table
Generated Bicodon Table
Generated Codon Table
Generated Bicodon Table
Adrenal Gland
Generated Codon Table
Generated Bicodon Table
Generated Codon Table
Generated Bicodon Table
Thyroid
Generated Codon Table
Generated Bicodon Table
Generated Codon Table
Generated Bicodon Table
Lung
Generated Codon Table
Generated Bicodon Table
Generated Codon Table
Generated Bicodon Table
Spleen
Generated Codon Table
Generated Bicodon Table
Generated Codon Table
Generated Bicodon Table
Pancreas
Generated Codon Table
Generated Bicodon Table
Generated Codon Table
Generated Bicodon Table
Esophagus - Muscularis
Generated Codon Table
Generated Bicodon Table
Generated Codon Table
Generated Bicodon Table
Esophagus - Mucosa
Generated Codon Table
Generated Bicodon Table
Generated Codon Table
Generated Bicodon Table
Esophagus - Gastroesophageal Junction
Generated Codon Table
Generated Bicodon Table
Generated Codon Table
Generated Bicodon Table
Stomach
Generated Codon Table
Generated Bicodon Table
Generated Codon Table
Generated Bicodon Table
Colon - Sigmoid
Generated Codon Table
Generated Bicodon Table
Generated Codon Table
Generated Bicodon Table
Small Intestine - Terminal Ileum
Generated Codon Table
Generated Bicodon Table
Generated Codon Table
Generated Bicodon Table
Colon - Transverse
Generated Codon Table
Generated Bicodon Table
Generated Codon Table
Generated Bicodon Table
Prostate
Generated Codon Table
Generated Bicodon Table
Generated Codon Table
Generated Bicodon Table
Testis
Generated Codon Table
Generated Bicodon Table
Generated Codon Table
Generated Bicodon Table
Nerve - Tibial
Generated Codon Table
Generated Bicodon Table
Generated Codon Table
Generated Bicodon Table
Skin - Sun Exposed (Lower leg)
Generated Codon Table
Generated Bicodon Table
Generated Codon Table
Generated Bicodon Table
Heart - Left Ventricle
Generated Codon Table
Generated Bicodon Table
Generated Codon Table
Generated Bicodon Table
Brain - Cerebellum
Generated Codon Table
Generated Bicodon Table
Generated Codon Table
Generated Bicodon Table
Cells - Transformed fibroblasts
Generated Codon Table
Generated Bicodon Table
Generated Codon Table
Generated Bicodon Table
Whole Blood
Generated Codon Table
Generated Bicodon Table
Generated Codon Table
Generated Bicodon Table
Artery - Aorta
Generated Codon Table
Generated Bicodon Table
Generated Codon Table
Generated Bicodon Table
Cells - EBV-transformed lymphocytes
Generated Codon Table
Generated Bicodon Table
Generated Codon Table
Generated Bicodon Table
Pituitary
Generated Codon Table
Generated Bicodon Table
Generated Codon Table
Generated Bicodon Table
Liver
Generated Codon Table
Generated Bicodon Table
Generated Codon Table
Generated Bicodon Table
Kidney - Cortex
Generated Codon Table
Generated Bicodon Table
Generated Codon Table
Generated Bicodon Table
Brain - Hippocampus
Generated Codon Table
Generated Bicodon Table
Generated Codon Table
Generated Bicodon Table
Brain - Substantia nigra
Generated Codon Table
Generated Bicodon Table
Generated Codon Table
Generated Bicodon Table
Brain - Anterior cingulate cortex (BA24)
Generated Codon Table
Generated Bicodon Table
Generated Codon Table
Generated Bicodon Table
Brain - Frontal Cortex (BA9)
Generated Codon Table
Generated Bicodon Table
Generated Codon Table
Generated Bicodon Table
Brain - Cerebellar Hemisphere
Generated Codon Table
Generated Bicodon Table
Generated Codon Table
Generated Bicodon Table
Brain - Caudate (basal ganglia)
Generated Codon Table
Generated Bicodon Table
Generated Codon Table
Generated Bicodon Table
Brain - Nucleus accumbens (basal ganglia)
Generated Codon Table
Generated Bicodon Table
Generated Codon Table
Generated Bicodon Table
Brain - Putamen (basal ganglia)
Generated Codon Table
Generated Bicodon Table
Generated Codon Table
Generated Bicodon Table
Brain - Hypothalamus
Generated Codon Table
Generated Bicodon Table
Generated Codon Table
Generated Bicodon Table
Brain - Spinal cord (cervical c-1)
Generated Codon Table
Generated Bicodon Table
Generated Codon Table
Generated Bicodon Table
Brain - Amygdala
Generated Codon Table
Generated Bicodon Table
Generated Codon Table
Generated Bicodon Table
Fallopian Tube
Generated Codon Table
Generated Bicodon Table
Generated Codon Table
Generated Bicodon Table
Bladder
Generated Codon Table
Generated Bicodon Table
Generated Codon Table
Generated Bicodon Table
Cervix - Ectocervix
Generated Codon Table
Generated Bicodon Table
Generated Codon Table
Generated Bicodon Table
Cervix - Endocervix
Generated Codon Table
Generated Bicodon Table
Generated Codon Table
Generated Bicodon Table
